<?xml version="1.0" encoding="UTF-8" ?>
<testsuite errors="16" failures="0" hostname="cmp45.ee.ryerson.ca" name="lab1.FlightTest" skipped="0" tests="17" time="0.295" timestamp="2026-01-19T00:08:55">
  <properties>
[...]
</properties>
  <testcase classname="lab1.FlightTest" name="testSetOriginalPrice" time="0.015">
    <error message="Cannot invoke &quot;lab1.Flight.setOriginalPrice(double)&quot; because &quot;instance&quot; is null" type="java.lang.NullPointerException">java.lang.NullPointerException: Cannot invoke &quot;lab1.Flight.setOriginalPrice(double)&quot; because &quot;instance&quot; is null
	at lab1.FlightTest.testSetOriginalPrice(FlightTest.java:220)
	at java.base/jdk.internal.reflect.DirectMethodHandleAccessor.invoke(DirectMethodHandleAccessor.java:104)
</error>
  </testcase>
  <testcase classname="lab1.FlightTest" name="testBookSeat" time="0.001">
    <error message="Cannot invoke &quot;lab1.Flight.bookSeat()&quot; because &quot;instance&quot; is null" type="java.lang.NullPointerException">java.lang.NullPointerException: Cannot invoke &quot;lab1.Flight.bookSeat()&quot; because &quot;instance&quot; is null
	at lab1.FlightTest.testBookSeat(FlightTest.java:247)
	at java.base/jdk.internal.reflect.DirectMethodHandleAccessor.invoke(DirectMethodHandleAccessor.java:104)
</error>
  </testcase>
  <testcase classname="lab1.FlightTest" name="testToString" time="0.001">
    <error message="Cannot invoke &quot;lab1.Flight.toString()&quot; because &quot;instance&quot; is null" type="java.lang.NullPointerException">java.lang.NullPointerException: Cannot invoke &quot;lab1.Flight.toString()&quot; because &quot;instance&quot; is null
	at lab1.FlightTest.testToString(FlightTest.java:261)
	at java.base/jdk.internal.reflect.DirectMethodHandleAccessor.invoke(DirectMethodHandleAccessor.java:104)
</error>
  </testcase>
  <testcase classname="lab1.FlightTest" name="testGetFlightNumber" time="0.001">
    <error message="Cannot invoke &quot;lab1.Flight.getFlightNumber()&quot; because &quot;instance&quot; is null" type="java.lang.NullPointerException">java.lang.NullPointerException: Cannot invoke &quot;lab1.Flight.getFlightNumber()&quot; because &quot;instance&quot; is null
	at lab1.FlightTest.testGetFlightNumber(FlightTest.java:71)
	at java.base/jdk.internal.reflect.DirectMethodHandleAccessor.invoke(DirectMethodHandleAccessor.java:104)
</error>
  </testcase>
  <testcase classname="lab1.FlightTest" name="testSetDestination" time="0.001">
    <error message="Cannot invoke &quot;lab1.Flight.setDestination(String)&quot; because &quot;instance&quot; is null" type="java.lang.NullPointerException">java.lang.NullPointerException: Cannot invoke &quot;lab1.Flight.setDestination(String)&quot; because &quot;instance&quot; is null
	at lab1.FlightTest.testSetDestination(FlightTest.java:112)
	at java.base/jdk.internal.reflect.DirectMethodHandleAccessor.invoke(DirectMethodHandleAccessor.java:104)
</error>
  </testcase>
  <testcase classname="lab1.FlightTest" name="testGetOriginalPrice" time="0.0">
    <error message="Cannot invoke &quot;lab1.Flight.getOriginalPrice()&quot; because &quot;instance&quot; is null" type="java.lang.NullPointerException">java.lang.NullPointerException: Cannot invoke &quot;lab1.Flight.getOriginalPrice()&quot; because &quot;instance&quot; is null
	at lab1.FlightTest.testGetOriginalPrice(FlightTest.java:233)
	at java.base/jdk.internal.reflect.DirectMethodHandleAccessor.invoke(DirectMethodHandleAccessor.java:104)
</error>
  </testcase>
  <testcase classname="lab1.FlightTest" name="testSetFlightNumber" time="0.001">
    <error message="Cannot invoke &quot;lab1.Flight.setFlightNumber(int)&quot; because &quot;instance&quot; is null" type="java.lang.NullPointerException">java.lang.NullPointerException: Cannot invoke &quot;lab1.Flight.setFlightNumber(int)&quot; because &quot;instance&quot; is null
	at lab1.FlightTest.testSetFlightNumber(FlightTest.java:58)
	at java.base/jdk.internal.reflect.DirectMethodHandleAccessor.invoke(DirectMethodHandleAccessor.java:104)
</error>
  </testcase>
  <testcase classname="lab1.FlightTest" name="testSetNumberOfSeatsLeft" time="0.001">
    <error message="Cannot invoke &quot;lab1.Flight.setNumberOfSeatsLeft(int)&quot; because &quot;instance&quot; is null" type="java.lang.NullPointerException">java.lang.NullPointerException: Cannot invoke &quot;lab1.Flight.setNumberOfSeatsLeft(int)&quot; because &quot;instance&quot; is null
	at lab1.FlightTest.testSetNumberOfSeatsLeft(FlightTest.java:193)
	at java.base/jdk.internal.reflect.DirectMethodHandleAccessor.invoke(DirectMethodHandleAccessor.java:104)
</error>
  </testcase>
  <testcase classname="lab1.FlightTest" name="testSetDepartureTime" time="0.001">
    <error message="Cannot invoke &quot;lab1.Flight.setDepartureTime(String)&quot; because &quot;instance&quot; is null" type="java.lang.NullPointerException">java.lang.NullPointerException: Cannot invoke &quot;lab1.Flight.setDepartureTime(String)&quot; because &quot;instance&quot; is null
	at lab1.FlightTest.testSetDepartureTime(FlightTest.java:139)
	at java.base/jdk.internal.reflect.DirectMethodHandleAccessor.invoke(DirectMethodHandleAccessor.java:104)
</error>
  </testcase>
  <testcase classname="lab1.FlightTest" name="testGetNumberOfSeatsLeft" time="0.001">
    <error message="Cannot invoke &quot;lab1.Flight.getNumberOfSeatsLeft()&quot; because &quot;instance&quot; is null" type="java.lang.NullPointerException">java.lang.NullPointerException: Cannot invoke &quot;lab1.Flight.getNumberOfSeatsLeft()&quot; because &quot;instance&quot; is null
	at lab1.FlightTest.testGetNumberOfSeatsLeft(FlightTest.java:206)
	at java.base/jdk.internal.reflect.DirectMethodHandleAccessor.invoke(DirectMethodHandleAccessor.java:104)
</error>
  </testcase>
  <testcase classname="lab1.FlightTest" name="testGetDestination" time="0.001">
    <error message="Cannot invoke &quot;lab1.Flight.getDestination()&quot; because &quot;instance&quot; is null" type="java.lang.NullPointerException">java.lang.NullPointerException: Cannot invoke &quot;lab1.Flight.getDestination()&quot; because &quot;instance&quot; is null
	at lab1.FlightTest.testGetDestination(FlightTest.java:125)
	at java.base/jdk.internal.reflect.DirectMethodHandleAccessor.invoke(DirectMethodHandleAccessor.java:104)
</error>
  </testcase>
  <testcase classname="lab1.FlightTest" name="testSetOrigin" time="0.001">
    <error message="Cannot invoke &quot;lab1.Flight.setOrigin(String)&quot; because &quot;instance&quot; is null" type="java.lang.NullPointerException">java.lang.NullPointerException: Cannot invoke &quot;lab1.Flight.setOrigin(String)&quot; because &quot;instance&quot; is null
	at lab1.FlightTest.testSetOrigin(FlightTest.java:85)
	at java.base/jdk.internal.reflect.DirectMethodHandleAccessor.invoke(DirectMethodHandleAccessor.java:104)
</error>
  </testcase>
  <testcase classname="lab1.FlightTest" name="testSetCapacity" time="0.001">
    <error message="Cannot invoke &quot;lab1.Flight.setCapacity(int)&quot; because &quot;instance&quot; is null" type="java.lang.NullPointerException">java.lang.NullPointerException: Cannot invoke &quot;lab1.Flight.setCapacity(int)&quot; because &quot;instance&quot; is null
	at lab1.FlightTest.testSetCapacity(FlightTest.java:166)
	at java.base/jdk.internal.reflect.DirectMethodHandleAccessor.invoke(DirectMethodHandleAccessor.java:104)
</error>
  </testcase>
  <testcase classname="lab1.FlightTest" name="testGetCapacity" time="0.001">
    <error message="Cannot invoke &quot;lab1.Flight.getCapacity()&quot; because &quot;instance&quot; is null" type="java.lang.NullPointerException">java.lang.NullPointerException: Cannot invoke &quot;lab1.Flight.getCapacity()&quot; because &quot;instance&quot; is null
	at lab1.FlightTest.testGetCapacity(FlightTest.java:179)
	at java.base/jdk.internal.reflect.DirectMethodHandleAccessor.invoke(DirectMethodHandleAccessor.java:104)
</error>
  </testcase>
  <testcase classname="lab1.FlightTest" name="testGetOrigin" time="0.001">
    <error message="Cannot invoke &quot;lab1.Flight.getOrigin()&quot; because &quot;instance&quot; is null" type="java.lang.NullPointerException">java.lang.NullPointerException: Cannot invoke &quot;lab1.Flight.getOrigin()&quot; because &quot;instance&quot; is null
	at lab1.FlightTest.testGetOrigin(FlightTest.java:98)
	at java.base/jdk.internal.reflect.DirectMethodHandleAccessor.invoke(DirectMethodHandleAccessor.java:104)
</error>
  </testcase>
  <testcase classname="lab1.FlightTest" name="testIncorrectConstructor" time="0.0" />
  <testcase classname="lab1.FlightTest" name="testGetDepartureTime" time="0.001">
    <error message="Cannot invoke &quot;lab1.Flight.getDepartureTime()&quot; because &quot;instance&quot; is null" type="java.lang.NullPointerException">java.lang.NullPointerException: Cannot invoke &quot;lab1.Flight.getDepartureTime()&quot; because &quot;instance&quot; is null
	at lab1.FlightTest.testGetDepartureTime(FlightTest.java:152)
	at java.base/jdk.internal.reflect.DirectMethodHandleAccessor.invoke(DirectMethodHandleAccessor.java:104)
</error>
  </testcase>
  <system-out><![CDATA[Testing constructor using valid arguments: 
setOriginalPrice
Testing constructor using valid arguments: 
bookSeat
Testing constructor using valid arguments: 
toString
Testing constructor using valid arguments: 
getFlightNumber
Testing constructor using valid arguments: 
setDestination
Testing constructor using valid arguments: 
getOriginalPrice
Testing constructor using valid arguments: 
setFlightNumber
Testing constructor using valid arguments: 
setNumberOfSeatsLeft
Testing constructor using valid arguments: 
setDepartureTime
Testing constructor using valid arguments: 
getNumberOfSeatsLeft
Testing constructor using valid arguments: 
getDestination
Testing constructor using valid arguments: 
setOrigin
Testing constructor using valid arguments: 
setCapacity
Testing constructor using valid arguments: 
getCapacity
Testing constructor using valid arguments: 
getOrigin
Testing constructor using valid arguments: 
Testing constructor using invalid input
Testing constructor using valid arguments: 
getDepartureTime
]]></system-out>
  <system-err><![CDATA[]]></system-err>
</testsuite>
